TN:
SF:script/BondingCurveToken.s.sol
FN:7,BondingCurveTokenScript.setUp
FNDA:0,BondingCurveTokenScript.setUp
FN:9,BondingCurveTokenScript.run
FNDA:0,BondingCurveTokenScript.run
DA:10,0
FNF:2
FNH:0
LF:1
LH:0
BRF:0
BRH:0
end_of_record
TN:
SF:src/BondingCurveToken.sol
FN:58,BondingCurveToken.buy
FNDA:18,BondingCurveToken.buy
DA:59,18
DA:61,18
BRDA:61,0,0,1
BRDA:61,0,1,17
DA:62,1
DA:65,17
DA:67,17
DA:69,17
DA:71,17
DA:73,17
BRDA:73,1,0,1
BRDA:73,1,1,1
DA:74,2
DA:75,2
BRDA:75,2,0,1
BRDA:75,2,1,1
DA:76,1
FN:93,BondingCurveToken.sell
FNDA:5,BondingCurveToken.sell
DA:94,4
BRDA:94,3,0,1
BRDA:94,3,1,3
DA:95,1
DA:98,3
DA:102,3
DA:104,3
DA:106,3
DA:107,3
BRDA:107,4,0,1
BRDA:107,4,1,2
DA:108,1
FN:116,BondingCurveToken.decimals
FNDA:1,BondingCurveToken.decimals
DA:117,0
FN:131,BondingCurveToken.transfer
FNDA:3,BondingCurveToken.transfer
DA:137,2
DA:139,2
FN:149,BondingCurveToken.transferFrom
FNDA:3,BondingCurveToken.transferFrom
DA:155,2
DA:157,2
FN:175,BondingCurveToken.buyPriceInWei
FNDA:19,BondingCurveToken.buyPriceInWei
DA:176,37
DA:177,37
FN:194,BondingCurveToken.sellPriceInWei
FNDA:2,BondingCurveToken.sellPriceInWei
DA:195,5
DA:196,5
FNF:7
FNH:7
LF:28
LH:27
BRF:10
BRH:10
end_of_record
